C51 COMPILER V9.01   PH_PROJECT                                                            04/09/2022 22:27:10 PAGE 1   


C51 COMPILER V9.01, COMPILATION OF MODULE PH_PROJECT
OBJECT MODULE PLACED IN ph_project.OBJ
COMPILER INVOKED BY: D:\program\STC89c51\keil\C51\BIN\C51.EXE ph_project.c BROWSE DEBUG OBJECTEXTEND

line level    source

   1          /* 
   2          
   3          # 简单的介绍
   4          
   5          程序制作者： 蓬莱山望夜
   6          
   7          制作者QQ： 3486805897
   8          
   9          注意： 该程序仅仅作为交流学习使用，禁止商用（不会真的会用我的Bug吧……）
             -，使用请标注制作者！
  10          
  11          版本：V1.0 2022-4-9
  12          
  13          # 另外想说的话
  14          
  15          真的非常开心能完完整整的做完单片机的毕业设计程序！！记得在2020年的时候，
             -我和我的室友参加了强哥的所谓的 “社团” （其实是莫名奇妙进来的）。在他的社团里面
             -我亲眼看到了单片机的样子，并且利用了曾经所学的知识启动了它！！那时真的特别的开
             -。之后，我感觉单片机好弱啊，正好那个时候，强哥问我要不要学树莓派，我说好呀！那
             -段时间，应该算是我对嵌入式开发的启蒙了吧……
  16          
  17          后来大三的时候，老师让我们选择毕业设计，毕业设计嘛，有三条路：单片机、P
             -LC、CAD新型设计。出于对嵌入式开发的喜爱，我选择了单片机！当时我对python十分的感兴趣
             -但是可以运行python的树莓派太贵了，而且开发套件成本高（树莓派一套开发套件 300 多，
             -片机才 100 多）。
  18          
  19          为什么会选择拿单片机测量酸碱呢，因为我前女友是化工学院的，把酸碱和自动
             -制结合在一起是一件多美的事情啊！但是……害，祝她能找到更好的~
  20          
  21          但是，做单片机的路是很难的，不仅要学C语言，还要了解数电，这些在我的路上
             -都是十分大的阻碍啊！！但是，我可以学习嘛！我相信我可以的喵！！
  22          
  23          最后的毕业设计的时候，我看到好多人都比我提前交了毕业设计，有些人是买的
             -有些人是买了套件直接拼装然后程序一股脑下载进来就可以了。看到周围一点一点做单片
             -的只有我一个，我的心里压力还很大的……
  24          
  25          但是，至少现在，我程序写完了！！！原理图写完了，并且是直播写完的！！而
             -原理图是可以使用的！我突然有了信心，我可以做完的！
  26          
  27          那么接下来，就是面包板的组装和焊接了！我相信我可以的喵！！
  28          
  29          2022年4月9日 21:55
  30          
  31          */
  32          
  33          #include <reg52.h>
  34          
  35          /* 
  36          单片机的输入定义的部分
  37          */
  38          
  39          sbit button1 = P3^0;  //按钮1
  40          sbit button2 = P3^1;  //按钮2
  41          sbit button3 = P3^2;  //按钮3
  42          sbit button4 = P3^3;  //按钮4
C51 COMPILER V9.01   PH_PROJECT                                                            04/09/2022 22:27:10 PAGE 2   

  43          
  44          sbit led_red = P2^6;  //led 红灯
  45          sbit led_green = P2^7;  //led 绿灯
  46          sbit buzzer = P3^7; //蜂鸣器
  47          
  48          sbit seg_contrl_1 = P3^4;  //数码管控制管脚 1
  49          sbit seg_contrl_2 = P3^5;  //数码管控制管脚 2
  50          sbit seg_contrl_3  = P3^6;  //数码管控制管脚 3
  51          
  52          sbit adc_clk = P2^0;  //数模转换 —— 时钟
  53          sbit adc_sat = P2^1;  //数模转换 —— 开始转换
  54          sbit adc_eoc = P2^2;  //数模转换 —— 转换完成
  55          sbit adc_oe = P2^3;  //数模转换 —— 导出数据
  56          sbit adc_ale = P2^4;  //数模转换 —— 输入锁存
  57          
  58          sbit adc_out_0 = P1^0;  //adc 管脚0
  59          sbit adc_out_1 = P1^1;  //adc 管脚1
  60          sbit adc_out_2 = P1^2;  //adc 管脚2
  61          sbit adc_out_3 = P1^3;  //adc 管脚3
  62          sbit adc_out_4 = P1^4;  //adc 管脚4
  63          sbit adc_out_5 = P1^5;  //adc 管脚5
  64          sbit adc_out_6 = P1^6;  //adc 管脚6
  65          sbit adc_out_7 = P1^7;  //adc 管脚7
  66          
  67          #define seg_input_num P0  //数码管输入
  68          
  69          /*
  70          字符定义部分
  71          */
  72          
  73          typedef unsigned char u8;
  74          typedef unsigned int u16;
  75          
  76          /*
  77          变量定义部分
  78          */
  79          
  80          unsigned int PH_value = 7; // 定义报警值
  81          unsigned char mode1_exit = 0;  // 模式1退出
  82          unsigned char mode2_exit = 0;  // 模式2退出
  83          unsigned char mode3_exit = 0;  // 模式3退出
  84          
  85          unsigned int adc_translate_result; // Adc_output 输出变量
  86          unsigned int adc_num_0 , adc_num_1 , adc_num_2 , adc_num_3 , adc_num_4 , adc_num_5 , adc_num_6 , adc_num_7
             -; //位输出函数
  87          double PH_num_double; // PH值小数输出
  88          unsigned int PH_num_int;  // PH值整数输出
  89          unsigned int PH_num_show;  // 酸碱模块输出循环值
  90          unsigned char PH_alarm_mode;  // 报警模式
  91          
  92          /*
  93          延时函数
  94          */
  95          
  96          void Timedelay(u16 Timedelay_inputTime)
  97          {
  98   1          while(Timedelay_inputTime--)
  99   1          {
 100   2      
 101   2          }
 102   1      }
 103          
C51 COMPILER V9.01   PH_PROJECT                                                            04/09/2022 22:27:10 PAGE 3   

 104          /*
 105          模数转换输出函数
 106          */
 107          
 108          int Adc_output()
 109          {
 110   1          // 开始调教AD芯片
 111   1          adc_oe = 0;
 112   1          adc_clk = 0;
 113   1          Timedelay(10);
 114   1      
 115   1          adc_clk = 1;
 116   1          adc_ale = 1;
 117   1          Timedelay(10);
 118   1      
 119   1          adc_clk = 0;
 120   1          adc_sat = 1;
 121   1          Timedelay(10);
 122   1      
 123   1          adc_clk = 1;
 124   1          adc_ale = 0;
 125   1          Timedelay(10);
 126   1      
 127   1          adc_clk = 0;
 128   1          adc_sat = 0;
 129   1          Timedelay(10);
 130   1      
 131   1          // 等待模数转换芯片输出结果
 132   1          while(adc_eoc == 0)
 133   1          {
 134   2              adc_clk = 1;
 135   2              Timedelay(10);
 136   2              adc_clk = 0;
 137   2              Timedelay(10);
 138   2          }
 139   1      
 140   1          // 开始输出
 141   1          adc_oe = 1;
 142   1      
 143   1          // 第0位转换
 144   1          if(adc_out_0 == 0)
 145   1          {
 146   2              adc_num_0 = 0;
 147   2          }
 148   1          else
 149   1          {
 150   2              adc_num_0 = 1;
 151   2          }
 152   1      
 153   1          // 第1位转换
 154   1          if(adc_out_1 == 0)
 155   1          {
 156   2              adc_num_1 = 0;
 157   2          }
 158   1          else
 159   1          {
 160   2              adc_num_1 = 1;
 161   2          }
 162   1      
 163   1          // 第2位转换
 164   1          if(adc_out_2 == 0)
 165   1          {
C51 COMPILER V9.01   PH_PROJECT                                                            04/09/2022 22:27:10 PAGE 4   

 166   2              adc_num_2 = 0;
 167   2          }
 168   1          else
 169   1          {
 170   2              adc_num_2 = 1;
 171   2          }
 172   1      
 173   1          // 第3位转换
 174   1          if(adc_out_3 == 0)
 175   1          {
 176   2              adc_num_3 = 0;
 177   2          }
 178   1          else
 179   1          {
 180   2              adc_num_3 = 1;
 181   2          }
 182   1      
 183   1          // 第4位转换
 184   1          if(adc_out_4 == 0)
 185   1          {
 186   2              adc_num_4 = 0;
 187   2          }
 188   1          else
 189   1          {
 190   2              adc_num_4 = 1;
 191   2          }
 192   1      
 193   1          // 第5位转换
 194   1          if(adc_out_5 == 0)
 195   1          {
 196   2              adc_num_5 = 0;
 197   2          }
 198   1          else
 199   1          {
 200   2              adc_num_5 = 1;
 201   2          }
 202   1      
 203   1          // 第6位转换
 204   1          if(adc_out_6 == 0)
 205   1          {
 206   2              adc_num_6 = 0;
 207   2          }
 208   1          else
 209   1          {
 210   2              adc_num_6 = 1;
 211   2          }
 212   1      
 213   1          // 第7位转换
 214   1          if(adc_out_7 == 0)
 215   1          {
 216   2              adc_num_7 = 0;
 217   2          }
 218   1          else
 219   1          {
 220   2              adc_num_7 = 1;
 221   2          }
 222   1      
 223   1          // 将转换得到的结果按照权重求和
 224   1          adc_translate_result = adc_num_0 * 128 + adc_num_1 * 64 + adc_num_2 * 32 + adc_num_3 * 16 + adc_num_4 
             -* 8 + adc_num_5 * 4 + adc_num_6 * 2 + adc_num_7 * 1;
 225   1          adc_clk = 1;   
 226   1          Timedelay(10);
C51 COMPILER V9.01   PH_PROJECT                                                            04/09/2022 22:27:10 PAGE 5   

 227   1      
 228   1          // 输出PH值 
 229   1          return adc_translate_result;
 230   1      }
 231          
 232          /*
 233          按键消抖函数
 234          */
 235          
 236          int Buttoninputget()
 237          {
 238   1          //  获取按钮 1 的值
 239   1          if (button1 == 0)
 240   1          {
 241   2              Timedelay(2000);
 242   2              if (button1 == 0)
 243   2              {
 244   3                  while(1)
 245   3                  {
 246   4                      if (button1 == 1)
 247   4                      {
 248   5                          return 1;
 249   5                      }
 250   4                  }
 251   3              }
 252   2          }
 253   1      
 254   1          //  获取按钮 2 的值
 255   1          else if (button2 == 0)
 256   1          {
 257   2              Timedelay(2000);
 258   2              if (button2 == 0)
 259   2              {
 260   3                  while(1)
 261   3                  {
 262   4                      if (button2 == 1)
 263   4                      {
 264   5                          return 2;
 265   5                      }
 266   4                  }            
 267   3              }
 268   2          }
 269   1      
 270   1          //  获取按钮 3 的值
 271   1          else if(button3 == 0)
 272   1          {
 273   2              Timedelay(2000);
 274   2              if (button3 == 0)
 275   2              {
 276   3                  while(1)
 277   3                  {
 278   4                      if (button3 == 1)
 279   4                      {
 280   5                          return 3;
 281   5                      }
 282   4                  }            
 283   3              }
 284   2          }
 285   1      
 286   1          //  检测到按钮没按
 287   1          return 0;
 288   1      }
C51 COMPILER V9.01   PH_PROJECT                                                            04/09/2022 22:27:10 PAGE 6   

 289          
 290          /*
 291          显示单片机的值
 292          */
 293          
 294          void Led_show(u16 led_show_num_location , u16 Led_show_input_num)
 295          {
 296   1          u8 numberList[17]={0x3f,0x06,0x5b,0x4f,0x66,0x6d,0x7d,0x07,0x7f,0x6f,0x77,0x7c,0x39,0x5e,0x79,0x71};
 297   1          seg_input_num = numberList[Led_show_input_num];
 298   1          switch (led_show_num_location)
 299   1          {
 300   2              //  位置1
 301   2              case 1:
 302   2                  seg_contrl_1 = 0;
 303   2                              seg_contrl_2 = 0;
 304   2                              seg_contrl_3  = 1;
 305   2                  break;
 306   2      
 307   2              //  位置 2
 308   2              case 2:
 309   2                  seg_contrl_1 = 1;
 310   2                  seg_contrl_2 = 0;
 311   2                  seg_contrl_3  = 1;
 312   2                  break;
 313   2              
 314   2              //  位置 3
 315   2              case 3:
 316   2                  seg_contrl_1 = 0;
 317   2                  seg_contrl_2 = 1;
 318   2                  seg_contrl_3  = 1;
 319   2                  break;
 320   2              
 321   2              //  位置 4
 322   2              case 4:
 323   2                  seg_contrl_1 = 1;
 324   2                  seg_contrl_2 = 1;
 325   2                  seg_contrl_3  = 1;
 326   2              
 327   2              default:
 328   2                  break;
 329   2          }
 330   1          Timedelay(50);
 331   1          seg_input_num = 0x00;
 332   1          seg_contrl_1 = 1;
 333   1          seg_contrl_2 = 1;
 334   1          seg_contrl_3  = 1;
 335   1          
 336   1      }
 337          
 338          /*
 339          PH阈值设置模式
 340          */
 341          
 342          void PH_alarm_setting()
 343          {
 344   1          unsigned char PH_alarm_setting_exit = 0;
 345   1          while (1)
 346   1          {
 347   2              switch (Buttoninputget())
 348   2              {
 349   3              case 1:
 350   3                  PH_alarm_setting_exit = 1;
C51 COMPILER V9.01   PH_PROJECT                                                            04/09/2022 22:27:10 PAGE 7   

 351   3                  break;
 352   3              
 353   3              //  增加数值
 354   3              case 2:
 355   3                  if(PH_value > 0)
 356   3                  {
 357   4                      PH_value = PH_value - 1;
 358   4                      while (Buttoninputget() == 1)
 359   4                      {
 360   5      
 361   5                      }
 362   4                      break;
 363   4                  }
 364   3                  else
 365   3                  {
 366   4                      break;
 367   4                  }
 368   3              
 369   3              //  减小数值
 370   3              case 3:
 371   3                  if(PH_value < 17)
 372   3                  {
 373   4                      PH_value = PH_value + 1;
 374   4                      while (Buttoninputget() == 1)
 375   4                      {
 376   5      
 377   5                      }
 378   4                      break;
 379   4                  }
 380   3                  else
 381   3                  {
 382   4                      break;
 383   4                  }
 384   3              
 385   3              default:
 386   3                  break;
 387   3              }
 388   2          
 389   2              // 退出模式
 390   2              if(PH_alarm_setting_exit == 1)
 391   2              {
 392   3                  break;
 393   3              }
 394   2              
 395   2              // 输出设置的PH值
 396   2              Led_show(3 , PH_value / 10);  // 输出十位的值
 397   2              Led_show(4  ,PH_value % 10);  // 输出个位的值
 398   2      
 399   2              // 输出开头 “B”
 400   2              Led_show(1,11);        
 401   2          }
 402   1          
 403   1      }
 404          
 405          /*
 406          酸碱模块导出模式
 407          */
 408          
 409          void PH_value_mod()
 410          {
 411   1          unsigned char PH_value_mod_exit = 0;
 412   1          while (1)
C51 COMPILER V9.01   PH_PROJECT                                                            04/09/2022 22:27:10 PAGE 8   

 413   1          {
 414   2              // 设置 循环初始值
 415   2              PH_num_show = 50;
 416   2      
 417   2              // 导出PH值
 418   2              PH_num_double = Adc_output();
 419   2      
 420   2              // 将PH值除以255并乘以70得到一个整数的PH值（这个值）
 421   2              PH_num_int = PH_num_double / 255 * 170;
 422   2      
 423   2              // 展示输出的PH值
 424   2              while (PH_num_show )
 425   2              {
 426   3                  PH_num_show = PH_num_show - 1;
 427   3                  Led_show(2 , PH_num_int / 100);  // 输出百位
 428   3                  Led_show(3 , PH_num_int % 100 / 10 );  // 输出十位
 429   3                  Led_show(4 , PH_num_int % 10); // 输出个位
 430   3              }
 431   2      
 432   2              // 获取按钮输入
 433   2              switch (Buttoninputget())
 434   2              {
 435   3              case 1:
 436   3                   PH_value_mod_exit = 1;
 437   3                  break;
 438   3              
 439   3              default:
 440   3                  break;
 441   3              }
 442   2      
 443   2              // 报警设置
 444   2              switch (PH_alarm_mode)
 445   2              {
 446   3      
 447   3              // 不报警
 448   3              case 0:
 449   3                  break;
 450   3              
 451   3              // 高于值
 452   3              case 1:
 453   3                  if(PH_num_int >= PH_value * 10)
 454   3                  {
 455   4                      buzzer = 1;
 456   4                      buzzer = 0;
 457   4                      led_red = 1;
 458   4                  }
 459   3                  else
 460   3                  {
 461   4                      led_red = 0;
 462   4                  }
 463   3                  break;
 464   3              
 465   3              // 低于值
 466   3              case 2:
 467   3                  if(PH_num_int <= PH_value * 10)
 468   3                  {
 469   4                      buzzer = 1;
 470   4                      buzzer = 0;
 471   4                      buzzer = 1;
 472   4                      buzzer = 0;
 473   4                      buzzer = 1;
 474   4                      buzzer = 0;
C51 COMPILER V9.01   PH_PROJECT                                                            04/09/2022 22:27:10 PAGE 9   

 475   4                      led_red = 1;
 476   4                  }
 477   3                  else
 478   3                  {
 479   4                      led_red = 0;
 480   4                  }
 481   3                  break;
 482   3              
 483   3              // 其他？？
 484   3              default:
 485   3                  break;
 486   3              }
 487   2      
 488   2              // 退出确认
 489   2              if(PH_value_mod_exit == 1)
 490   2              {
 491   3                  break;
 492   3              }
 493   2              
 494   2          }
 495   1      }
 496          
 497          /*
 498          报警模式设置
 499          */
 500          
 501          void Alarm_mode()
 502          {
 503   1          unsigned char Alarm_mode_exit_num = 0;
 504   1          while (1)
 505   1          {
 506   2              //数值显示
 507   2              switch (PH_alarm_mode)
 508   2              {
 509   3              // 显示无模式
 510   3              case 0:
 511   3                  led_green = 0;
 512   3                  Led_show(2 , 0);
 513   3                  Led_show(3 , 0);
 514   3                  Led_show(4 , 0);
 515   3                  break;
 516   3              
 517   3              // 显示大于模式
 518   3              case 1:
 519   3                  led_green = 1;
 520   3                  Led_show(2 , 1);
 521   3                  Led_show(3 , 1);
 522   3                  Led_show(4 , 1);
 523   3                  break;
 524   3      
 525   3              // 显示小于模式
 526   3              case 2:
 527   3                  led_green = 1;
 528   3                  Led_show(2 , 2);
 529   3                  Led_show(3 , 2);
 530   3                  Led_show(4 , 2);
 531   3                  break;
 532   3              
 533   3              //  应该不会有这种情况吧……
 534   3              default:
 535   3                  break;
 536   3              }
C51 COMPILER V9.01   PH_PROJECT                                                            04/09/2022 22:27:10 PAGE 10  

 537   2      
 538   2      
 539   2              // 按钮获取
 540   2              switch (Buttoninputget())
 541   2              {
 542   3              // 离开报警设置
 543   3              case 1:
 544   3                  Alarm_mode_exit_num = 1;
 545   3                  break;
 546   3              
 547   3              // 切换报警模式
 548   3              case 2:
 549   3                  switch (PH_alarm_mode)
 550   3                  {
 551   4                  case 0:
 552   4                      PH_alarm_mode = 1;
 553   4                      led_green = 1;
 554   4                      break;
 555   4                  
 556   4                  case 1:
 557   4                      PH_alarm_mode = 2;
 558   4                      led_green = 1;
 559   4                      break;
 560   4                  
 561   4                  case 2:
 562   4                      PH_alarm_mode = 0;
 563   4                      led_green = 0;
 564   4                      break;
 565   4                  
 566   4                  default:
 567   4                      break;
 568   4                  }
 569   3      
 570   3              default:
 571   3                  break;
 572   3              }
 573   2      
 574   2              // 退出模式
 575   2              if(Alarm_mode_exit_num == 1)
 576   2              {
 577   3                  Alarm_mode_exit_num = 0;
 578   3                  break;
 579   3              }
 580   2          }    
 581   1      }
 582          
 583          /*
 584          主程序
 585          */
 586          
 587          void main()
 588          {
 589   1          /*
 590   1          变量初始化
 591   1          */
 592   1          PH_alarm_mode = 0;
 593   1          led_red = 0;
 594   1          led_green = 0;
 595   1      
 596   1      
 597   1          //  主程序部分
 598   1          while(1)
C51 COMPILER V9.01   PH_PROJECT                                                            04/09/2022 22:27:10 PAGE 11  

 599   1          {
 600   2              // 检测模式
 601   2              while(1)
 602   2              {
 603   3                  Led_show(1,10);  //  显示字母 A
 604   3      
 605   3                  switch (Buttoninputget())
 606   3                  {
 607   4                      case 1:
 608   4                          mode1_exit = 1;
 609   4                          break;
 610   4                      case 2:
 611   4                          PH_value_mod();
 612   4                      default:
 613   4                          break;
 614   4                  }
 615   3                  
 616   3                  // 退出检测模式
 617   3                  if (mode1_exit == 1)
 618   3                  {
 619   4                      mode1_exit = 0;
 620   4                      break;
 621   4                  }
 622   3              }
 623   2      
 624   2              // 值设定模式
 625   2              while(1)
 626   2              {
 627   3                  Led_show(1,11);  //  显示字母 B
 628   3                  switch (Buttoninputget())
 629   3                  {
 630   4                      case 1:
 631   4                          mode2_exit = 1;
 632   4                          break;
 633   4                      case 2:
 634   4                          PH_alarm_setting();
 635   4                          break;
 636   4                      default:
 637   4                          break;
 638   4                  }
 639   3      
 640   3                  // 退出值设定模式
 641   3                  if (mode2_exit == 1)
 642   3                  {
 643   4                      mode2_exit = 0;
 644   4                      break;
 645   4                  }
 646   3              }
 647   2      
 648   2              // 设置报警模式
 649   2              while (1)
 650   2              {
 651   3                  Led_show(1,12);  // 显示字母 C
 652   3      
 653   3                  switch (Buttoninputget())
 654   3                  {
 655   4                  case 1:
 656   4                      mode3_exit = 1;
 657   4                      break;
 658   4                  case 2:
 659   4                      Alarm_mode();
 660   4                      break;
C51 COMPILER V9.01   PH_PROJECT                                                            04/09/2022 22:27:10 PAGE 12  

 661   4                  default:
 662   4                      break;
 663   4                  }
 664   3      
 665   3                  // 退出报警设置
 666   3                  if(mode3_exit == 1)
 667   3                  {
 668   4                      mode3_exit = 0;
 669   4                      break;
 670   4                  }
 671   3              }
 672   2              
 673   2          }
 674   1      }


MODULE INFORMATION:   STATIC OVERLAYABLE
   CODE SIZE        =   1185    ----
   CONSTANT SIZE    =     17    ----
   XDATA SIZE       =   ----    ----
   PDATA SIZE       =   ----    ----
   DATA SIZE        =     32      24
   IDATA SIZE       =   ----    ----
   BIT SIZE         =   ----    ----
END OF MODULE INFORMATION.


C51 COMPILATION COMPLETE.  0 WARNING(S),  0 ERROR(S)
